<?xml version="1.0" encoding="UTF-8"?>
<testsuite xmlns:xsi="http://www.w3.org/2001/XMLSchema-instance" xsi:noNamespaceSchemaLocation="https://maven.apache.org/surefire/maven-surefire-plugin/xsd/surefire-test-report.xsd" name="com.rhdhv.demo.DemoApplicationTests" time="8.959" tests="2" errors="0" skipped="0" failures="0">
  <properties>
    <property name="java.specification.version" value="14"/>
    <property name="sun.jnu.encoding" value="UTF-8"/>
    <property name="java.class.path" value="/Users/bernardogarcialoaiza/projects/RHK/take-home-assignment-platform-engineer/backend/target/test-classes:/Users/bernardogarcialoaiza/projects/RHK/take-home-assignment-platform-engineer/backend/target/classes:/Users/bernardogarcialoaiza/.m2/repository/org/springframework/boot/spring-boot-starter-actuator/2.3.1.RELEASE/spring-boot-starter-actuator-2.3.1.RELEASE.jar:/Users/bernardogarcialoaiza/.m2/repository/org/springframework/boot/spring-boot-starter/2.3.1.RELEASE/spring-boot-starter-2.3.1.RELEASE.jar:/Users/bernardogarcialoaiza/.m2/repository/org/springframework/boot/spring-boot/2.3.1.RELEASE/spring-boot-2.3.1.RELEASE.jar:/Users/bernardogarcialoaiza/.m2/repository/org/springframework/boot/spring-boot-autoconfigure/2.3.1.RELEASE/spring-boot-autoconfigure-2.3.1.RELEASE.jar:/Users/bernardogarcialoaiza/.m2/repository/org/springframework/boot/spring-boot-starter-logging/2.3.1.RELEASE/spring-boot-starter-logging-2.3.1.RELEASE.jar:/Users/bernardogarcialoaiza/.m2/repository/ch/qos/logback/logback-classic/1.2.3/logback-classic-1.2.3.jar:/Users/bernardogarcialoaiza/.m2/repository/ch/qos/logback/logback-core/1.2.3/logback-core-1.2.3.jar:/Users/bernardogarcialoaiza/.m2/repository/org/apache/logging/log4j/log4j-to-slf4j/2.13.3/log4j-to-slf4j-2.13.3.jar:/Users/bernardogarcialoaiza/.m2/repository/org/apache/logging/log4j/log4j-api/2.13.3/log4j-api-2.13.3.jar:/Users/bernardogarcialoaiza/.m2/repository/org/slf4j/jul-to-slf4j/1.7.30/jul-to-slf4j-1.7.30.jar:/Users/bernardogarcialoaiza/.m2/repository/jakarta/annotation/jakarta.annotation-api/1.3.5/jakarta.annotation-api-1.3.5.jar:/Users/bernardogarcialoaiza/.m2/repository/org/yaml/snakeyaml/1.26/snakeyaml-1.26.jar:/Users/bernardogarcialoaiza/.m2/repository/org/springframework/boot/spring-boot-actuator-autoconfigure/2.3.1.RELEASE/spring-boot-actuator-autoconfigure-2.3.1.RELEASE.jar:/Users/bernardogarcialoaiza/.m2/repository/org/springframework/boot/spring-boot-actuator/2.3.1.RELEASE/spring-boot-actuator-2.3.1.RELEASE.jar:/Users/bernardogarcialoaiza/.m2/repository/com/fasterxml/jackson/datatype/jackson-datatype-jsr310/2.11.0/jackson-datatype-jsr310-2.11.0.jar:/Users/bernardogarcialoaiza/.m2/repository/io/micrometer/micrometer-core/1.5.1/micrometer-core-1.5.1.jar:/Users/bernardogarcialoaiza/.m2/repository/org/hdrhistogram/HdrHistogram/2.1.12/HdrHistogram-2.1.12.jar:/Users/bernardogarcialoaiza/.m2/repository/org/latencyutils/LatencyUtils/2.0.3/LatencyUtils-2.0.3.jar:/Users/bernardogarcialoaiza/.m2/repository/org/springframework/boot/spring-boot-starter-web/2.3.1.RELEASE/spring-boot-starter-web-2.3.1.RELEASE.jar:/Users/bernardogarcialoaiza/.m2/repository/org/springframework/boot/spring-boot-starter-json/2.3.1.RELEASE/spring-boot-starter-json-2.3.1.RELEASE.jar:/Users/bernardogarcialoaiza/.m2/repository/com/fasterxml/jackson/datatype/jackson-datatype-jdk8/2.11.0/jackson-datatype-jdk8-2.11.0.jar:/Users/bernardogarcialoaiza/.m2/repository/com/fasterxml/jackson/module/jackson-module-parameter-names/2.11.0/jackson-module-parameter-names-2.11.0.jar:/Users/bernardogarcialoaiza/.m2/repository/org/springframework/boot/spring-boot-starter-tomcat/2.3.1.RELEASE/spring-boot-starter-tomcat-2.3.1.RELEASE.jar:/Users/bernardogarcialoaiza/.m2/repository/org/apache/tomcat/embed/tomcat-embed-core/9.0.36/tomcat-embed-core-9.0.36.jar:/Users/bernardogarcialoaiza/.m2/repository/org/glassfish/jakarta.el/3.0.3/jakarta.el-3.0.3.jar:/Users/bernardogarcialoaiza/.m2/repository/org/apache/tomcat/embed/tomcat-embed-websocket/9.0.36/tomcat-embed-websocket-9.0.36.jar:/Users/bernardogarcialoaiza/.m2/repository/org/springframework/spring-web/5.2.7.RELEASE/spring-web-5.2.7.RELEASE.jar:/Users/bernardogarcialoaiza/.m2/repository/org/springframework/spring-beans/5.2.7.RELEASE/spring-beans-5.2.7.RELEASE.jar:/Users/bernardogarcialoaiza/.m2/repository/org/springframework/spring-webmvc/5.2.7.RELEASE/spring-webmvc-5.2.7.RELEASE.jar:/Users/bernardogarcialoaiza/.m2/repository/org/springframework/spring-aop/5.2.7.RELEASE/spring-aop-5.2.7.RELEASE.jar:/Users/bernardogarcialoaiza/.m2/repository/org/springframework/spring-context/5.2.7.RELEASE/spring-context-5.2.7.RELEASE.jar:/Users/bernardogarcialoaiza/.m2/repository/org/springframework/spring-expression/5.2.7.RELEASE/spring-expression-5.2.7.RELEASE.jar:/Users/bernardogarcialoaiza/.m2/repository/com/fasterxml/jackson/module/jackson-module-kotlin/2.11.0/jackson-module-kotlin-2.11.0.jar:/Users/bernardogarcialoaiza/.m2/repository/com/fasterxml/jackson/core/jackson-databind/2.11.0/jackson-databind-2.11.0.jar:/Users/bernardogarcialoaiza/.m2/repository/com/fasterxml/jackson/core/jackson-core/2.11.0/jackson-core-2.11.0.jar:/Users/bernardogarcialoaiza/.m2/repository/com/fasterxml/jackson/core/jackson-annotations/2.11.0/jackson-annotations-2.11.0.jar:/Users/bernardogarcialoaiza/.m2/repository/org/jetbrains/kotlin/kotlin-reflect/1.3.72/kotlin-reflect-1.3.72.jar:/Users/bernardogarcialoaiza/.m2/repository/org/jetbrains/kotlin/kotlin-stdlib/1.3.72/kotlin-stdlib-1.3.72.jar:/Users/bernardogarcialoaiza/.m2/repository/org/jetbrains/kotlin/kotlin-stdlib-common/1.3.72/kotlin-stdlib-common-1.3.72.jar:/Users/bernardogarcialoaiza/.m2/repository/org/jetbrains/annotations/13.0/annotations-13.0.jar:/Users/bernardogarcialoaiza/.m2/repository/org/jetbrains/kotlin/kotlin-stdlib-jdk8/1.3.72/kotlin-stdlib-jdk8-1.3.72.jar:/Users/bernardogarcialoaiza/.m2/repository/org/jetbrains/kotlin/kotlin-stdlib-jdk7/1.3.72/kotlin-stdlib-jdk7-1.3.72.jar:/Users/bernardogarcialoaiza/.m2/repository/io/springfox/springfox-swagger2/2.9.2/springfox-swagger2-2.9.2.jar:/Users/bernardogarcialoaiza/.m2/repository/io/swagger/swagger-annotations/1.5.20/swagger-annotations-1.5.20.jar:/Users/bernardogarcialoaiza/.m2/repository/io/swagger/swagger-models/1.5.20/swagger-models-1.5.20.jar:/Users/bernardogarcialoaiza/.m2/repository/io/springfox/springfox-spi/2.9.2/springfox-spi-2.9.2.jar:/Users/bernardogarcialoaiza/.m2/repository/io/springfox/springfox-core/2.9.2/springfox-core-2.9.2.jar:/Users/bernardogarcialoaiza/.m2/repository/io/springfox/springfox-schema/2.9.2/springfox-schema-2.9.2.jar:/Users/bernardogarcialoaiza/.m2/repository/io/springfox/springfox-swagger-common/2.9.2/springfox-swagger-common-2.9.2.jar:/Users/bernardogarcialoaiza/.m2/repository/io/springfox/springfox-spring-web/2.9.2/springfox-spring-web-2.9.2.jar:/Users/bernardogarcialoaiza/.m2/repository/com/google/guava/guava/20.0/guava-20.0.jar:/Users/bernardogarcialoaiza/.m2/repository/com/fasterxml/classmate/1.5.1/classmate-1.5.1.jar:/Users/bernardogarcialoaiza/.m2/repository/org/slf4j/slf4j-api/1.7.30/slf4j-api-1.7.30.jar:/Users/bernardogarcialoaiza/.m2/repository/org/springframework/plugin/spring-plugin-core/1.2.0.RELEASE/spring-plugin-core-1.2.0.RELEASE.jar:/Users/bernardogarcialoaiza/.m2/repository/org/springframework/plugin/spring-plugin-metadata/1.2.0.RELEASE/spring-plugin-metadata-1.2.0.RELEASE.jar:/Users/bernardogarcialoaiza/.m2/repository/org/mapstruct/mapstruct/1.2.0.Final/mapstruct-1.2.0.Final.jar:/Users/bernardogarcialoaiza/.m2/repository/io/springfox/springfox-swagger-ui/2.9.2/springfox-swagger-ui-2.9.2.jar:/Users/bernardogarcialoaiza/.m2/repository/io/rest-assured/rest-assured/4.2.0/rest-assured-4.2.0.jar:/Users/bernardogarcialoaiza/.m2/repository/org/codehaus/groovy/groovy/2.5.12/groovy-2.5.12.jar:/Users/bernardogarcialoaiza/.m2/repository/org/codehaus/groovy/groovy-xml/2.5.12/groovy-xml-2.5.12.jar:/Users/bernardogarcialoaiza/.m2/repository/org/apache/httpcomponents/httpclient/4.5.12/httpclient-4.5.12.jar:/Users/bernardogarcialoaiza/.m2/repository/org/apache/httpcomponents/httpcore/4.4.13/httpcore-4.4.13.jar:/Users/bernardogarcialoaiza/.m2/repository/commons-codec/commons-codec/1.14/commons-codec-1.14.jar:/Users/bernardogarcialoaiza/.m2/repository/org/apache/httpcomponents/httpmime/4.5.12/httpmime-4.5.12.jar:/Users/bernardogarcialoaiza/.m2/repository/org/hamcrest/hamcrest/2.2/hamcrest-2.2.jar:/Users/bernardogarcialoaiza/.m2/repository/org/ccil/cowan/tagsoup/tagsoup/1.2.1/tagsoup-1.2.1.jar:/Users/bernardogarcialoaiza/.m2/repository/io/rest-assured/xml-path/4.2.0/xml-path-4.2.0.jar:/Users/bernardogarcialoaiza/.m2/repository/org/apache/commons/commons-lang3/3.10/commons-lang3-3.10.jar:/Users/bernardogarcialoaiza/.m2/repository/com/sun/xml/bind/jaxb-osgi/2.3.0.1/jaxb-osgi-2.3.0.1.jar:/Users/bernardogarcialoaiza/.m2/repository/org/apache/sling/org.apache.sling.javax.activation/0.1.0/org.apache.sling.javax.activation-0.1.0.jar:/Users/bernardogarcialoaiza/.m2/repository/javax/activation/activation/1.1.1/activation-1.1.1.jar:/Users/bernardogarcialoaiza/.m2/repository/io/rest-assured/spring-mock-mvc/4.2.0/spring-mock-mvc-4.2.0.jar:/Users/bernardogarcialoaiza/.m2/repository/io/rest-assured/spring-commons/4.2.0/spring-commons-4.2.0.jar:/Users/bernardogarcialoaiza/.m2/repository/org/springframework/spring-test/5.2.7.RELEASE/spring-test-5.2.7.RELEASE.jar:/Users/bernardogarcialoaiza/.m2/repository/io/rest-assured/json-path/4.2.0/json-path-4.2.0.jar:/Users/bernardogarcialoaiza/.m2/repository/org/codehaus/groovy/groovy-json/2.5.12/groovy-json-2.5.12.jar:/Users/bernardogarcialoaiza/.m2/repository/io/rest-assured/rest-assured-common/4.2.0/rest-assured-common-4.2.0.jar:/Users/bernardogarcialoaiza/.m2/repository/org/springframework/boot/spring-boot-starter-test/2.3.1.RELEASE/spring-boot-starter-test-2.3.1.RELEASE.jar:/Users/bernardogarcialoaiza/.m2/repository/org/springframework/boot/spring-boot-test/2.3.1.RELEASE/spring-boot-test-2.3.1.RELEASE.jar:/Users/bernardogarcialoaiza/.m2/repository/org/springframework/boot/spring-boot-test-autoconfigure/2.3.1.RELEASE/spring-boot-test-autoconfigure-2.3.1.RELEASE.jar:/Users/bernardogarcialoaiza/.m2/repository/com/jayway/jsonpath/json-path/2.4.0/json-path-2.4.0.jar:/Users/bernardogarcialoaiza/.m2/repository/net/minidev/json-smart/2.3/json-smart-2.3.jar:/Users/bernardogarcialoaiza/.m2/repository/net/minidev/accessors-smart/1.2/accessors-smart-1.2.jar:/Users/bernardogarcialoaiza/.m2/repository/org/ow2/asm/asm/5.0.4/asm-5.0.4.jar:/Users/bernardogarcialoaiza/.m2/repository/jakarta/xml/bind/jakarta.xml.bind-api/2.3.3/jakarta.xml.bind-api-2.3.3.jar:/Users/bernardogarcialoaiza/.m2/repository/jakarta/activation/jakarta.activation-api/1.2.2/jakarta.activation-api-1.2.2.jar:/Users/bernardogarcialoaiza/.m2/repository/org/assertj/assertj-core/3.16.1/assertj-core-3.16.1.jar:/Users/bernardogarcialoaiza/.m2/repository/org/junit/jupiter/junit-jupiter/5.6.2/junit-jupiter-5.6.2.jar:/Users/bernardogarcialoaiza/.m2/repository/org/junit/jupiter/junit-jupiter-api/5.6.2/junit-jupiter-api-5.6.2.jar:/Users/bernardogarcialoaiza/.m2/repository/org/apiguardian/apiguardian-api/1.1.0/apiguardian-api-1.1.0.jar:/Users/bernardogarcialoaiza/.m2/repository/org/opentest4j/opentest4j/1.2.0/opentest4j-1.2.0.jar:/Users/bernardogarcialoaiza/.m2/repository/org/junit/platform/junit-platform-commons/1.6.2/junit-platform-commons-1.6.2.jar:/Users/bernardogarcialoaiza/.m2/repository/org/junit/jupiter/junit-jupiter-params/5.6.2/junit-jupiter-params-5.6.2.jar:/Users/bernardogarcialoaiza/.m2/repository/org/junit/jupiter/junit-jupiter-engine/5.6.2/junit-jupiter-engine-5.6.2.jar:/Users/bernardogarcialoaiza/.m2/repository/org/junit/platform/junit-platform-engine/1.6.2/junit-platform-engine-1.6.2.jar:/Users/bernardogarcialoaiza/.m2/repository/org/mockito/mockito-core/3.3.3/mockito-core-3.3.3.jar:/Users/bernardogarcialoaiza/.m2/repository/net/bytebuddy/byte-buddy/1.10.11/byte-buddy-1.10.11.jar:/Users/bernardogarcialoaiza/.m2/repository/net/bytebuddy/byte-buddy-agent/1.10.11/byte-buddy-agent-1.10.11.jar:/Users/bernardogarcialoaiza/.m2/repository/org/objenesis/objenesis/2.6/objenesis-2.6.jar:/Users/bernardogarcialoaiza/.m2/repository/org/mockito/mockito-junit-jupiter/3.3.3/mockito-junit-jupiter-3.3.3.jar:/Users/bernardogarcialoaiza/.m2/repository/org/skyscreamer/jsonassert/1.5.0/jsonassert-1.5.0.jar:/Users/bernardogarcialoaiza/.m2/repository/com/vaadin/external/google/android-json/0.0.20131108.vaadin1/android-json-0.0.20131108.vaadin1.jar:/Users/bernardogarcialoaiza/.m2/repository/org/springframework/spring-core/5.2.7.RELEASE/spring-core-5.2.7.RELEASE.jar:/Users/bernardogarcialoaiza/.m2/repository/org/springframework/spring-jcl/5.2.7.RELEASE/spring-jcl-5.2.7.RELEASE.jar:/Users/bernardogarcialoaiza/.m2/repository/org/xmlunit/xmlunit-core/2.7.0/xmlunit-core-2.7.0.jar:"/>
    <property name="java.vm.vendor" value="Oracle Corporation"/>
    <property name="sun.arch.data.model" value="64"/>
    <property name="java.vendor.url" value="https://java.oracle.com/"/>
    <property name="os.name" value="Mac OS X"/>
    <property name="java.vm.specification.version" value="14"/>
    <property name="sun.java.launcher" value="SUN_STANDARD"/>
    <property name="user.country" value="NL"/>
    <property name="sun.boot.library.path" value="/Library/Java/JavaVirtualMachines/jdk-14.0.2.jdk/Contents/Home/lib"/>
    <property name="sun.java.command" value="/Users/bernardogarcialoaiza/projects/RHK/take-home-assignment-platform-engineer/backend/target/surefire/surefirebooter7114239303476021814.jar /Users/bernardogarcialoaiza/projects/RHK/take-home-assignment-platform-engineer/backend/target/surefire 2020-08-16T23-51-26_485-jvmRun1 surefire3012272312529033263tmp surefire_010288365101881443145tmp"/>
    <property name="http.nonProxyHosts" value="local|*.local|169.254/16|*.169.254/16"/>
    <property name="jdk.debug" value="release"/>
    <property name="surefire.test.class.path" value="/Users/bernardogarcialoaiza/projects/RHK/take-home-assignment-platform-engineer/backend/target/test-classes:/Users/bernardogarcialoaiza/projects/RHK/take-home-assignment-platform-engineer/backend/target/classes:/Users/bernardogarcialoaiza/.m2/repository/org/springframework/boot/spring-boot-starter-actuator/2.3.1.RELEASE/spring-boot-starter-actuator-2.3.1.RELEASE.jar:/Users/bernardogarcialoaiza/.m2/repository/org/springframework/boot/spring-boot-starter/2.3.1.RELEASE/spring-boot-starter-2.3.1.RELEASE.jar:/Users/bernardogarcialoaiza/.m2/repository/org/springframework/boot/spring-boot/2.3.1.RELEASE/spring-boot-2.3.1.RELEASE.jar:/Users/bernardogarcialoaiza/.m2/repository/org/springframework/boot/spring-boot-autoconfigure/2.3.1.RELEASE/spring-boot-autoconfigure-2.3.1.RELEASE.jar:/Users/bernardogarcialoaiza/.m2/repository/org/springframework/boot/spring-boot-starter-logging/2.3.1.RELEASE/spring-boot-starter-logging-2.3.1.RELEASE.jar:/Users/bernardogarcialoaiza/.m2/repository/ch/qos/logback/logback-classic/1.2.3/logback-classic-1.2.3.jar:/Users/bernardogarcialoaiza/.m2/repository/ch/qos/logback/logback-core/1.2.3/logback-core-1.2.3.jar:/Users/bernardogarcialoaiza/.m2/repository/org/apache/logging/log4j/log4j-to-slf4j/2.13.3/log4j-to-slf4j-2.13.3.jar:/Users/bernardogarcialoaiza/.m2/repository/org/apache/logging/log4j/log4j-api/2.13.3/log4j-api-2.13.3.jar:/Users/bernardogarcialoaiza/.m2/repository/org/slf4j/jul-to-slf4j/1.7.30/jul-to-slf4j-1.7.30.jar:/Users/bernardogarcialoaiza/.m2/repository/jakarta/annotation/jakarta.annotation-api/1.3.5/jakarta.annotation-api-1.3.5.jar:/Users/bernardogarcialoaiza/.m2/repository/org/yaml/snakeyaml/1.26/snakeyaml-1.26.jar:/Users/bernardogarcialoaiza/.m2/repository/org/springframework/boot/spring-boot-actuator-autoconfigure/2.3.1.RELEASE/spring-boot-actuator-autoconfigure-2.3.1.RELEASE.jar:/Users/bernardogarcialoaiza/.m2/repository/org/springframework/boot/spring-boot-actuator/2.3.1.RELEASE/spring-boot-actuator-2.3.1.RELEASE.jar:/Users/bernardogarcialoaiza/.m2/repository/com/fasterxml/jackson/datatype/jackson-datatype-jsr310/2.11.0/jackson-datatype-jsr310-2.11.0.jar:/Users/bernardogarcialoaiza/.m2/repository/io/micrometer/micrometer-core/1.5.1/micrometer-core-1.5.1.jar:/Users/bernardogarcialoaiza/.m2/repository/org/hdrhistogram/HdrHistogram/2.1.12/HdrHistogram-2.1.12.jar:/Users/bernardogarcialoaiza/.m2/repository/org/latencyutils/LatencyUtils/2.0.3/LatencyUtils-2.0.3.jar:/Users/bernardogarcialoaiza/.m2/repository/org/springframework/boot/spring-boot-starter-web/2.3.1.RELEASE/spring-boot-starter-web-2.3.1.RELEASE.jar:/Users/bernardogarcialoaiza/.m2/repository/org/springframework/boot/spring-boot-starter-json/2.3.1.RELEASE/spring-boot-starter-json-2.3.1.RELEASE.jar:/Users/bernardogarcialoaiza/.m2/repository/com/fasterxml/jackson/datatype/jackson-datatype-jdk8/2.11.0/jackson-datatype-jdk8-2.11.0.jar:/Users/bernardogarcialoaiza/.m2/repository/com/fasterxml/jackson/module/jackson-module-parameter-names/2.11.0/jackson-module-parameter-names-2.11.0.jar:/Users/bernardogarcialoaiza/.m2/repository/org/springframework/boot/spring-boot-starter-tomcat/2.3.1.RELEASE/spring-boot-starter-tomcat-2.3.1.RELEASE.jar:/Users/bernardogarcialoaiza/.m2/repository/org/apache/tomcat/embed/tomcat-embed-core/9.0.36/tomcat-embed-core-9.0.36.jar:/Users/bernardogarcialoaiza/.m2/repository/org/glassfish/jakarta.el/3.0.3/jakarta.el-3.0.3.jar:/Users/bernardogarcialoaiza/.m2/repository/org/apache/tomcat/embed/tomcat-embed-websocket/9.0.36/tomcat-embed-websocket-9.0.36.jar:/Users/bernardogarcialoaiza/.m2/repository/org/springframework/spring-web/5.2.7.RELEASE/spring-web-5.2.7.RELEASE.jar:/Users/bernardogarcialoaiza/.m2/repository/org/springframework/spring-beans/5.2.7.RELEASE/spring-beans-5.2.7.RELEASE.jar:/Users/bernardogarcialoaiza/.m2/repository/org/springframework/spring-webmvc/5.2.7.RELEASE/spring-webmvc-5.2.7.RELEASE.jar:/Users/bernardogarcialoaiza/.m2/repository/org/springframework/spring-aop/5.2.7.RELEASE/spring-aop-5.2.7.RELEASE.jar:/Users/bernardogarcialoaiza/.m2/repository/org/springframework/spring-context/5.2.7.RELEASE/spring-context-5.2.7.RELEASE.jar:/Users/bernardogarcialoaiza/.m2/repository/org/springframework/spring-expression/5.2.7.RELEASE/spring-expression-5.2.7.RELEASE.jar:/Users/bernardogarcialoaiza/.m2/repository/com/fasterxml/jackson/module/jackson-module-kotlin/2.11.0/jackson-module-kotlin-2.11.0.jar:/Users/bernardogarcialoaiza/.m2/repository/com/fasterxml/jackson/core/jackson-databind/2.11.0/jackson-databind-2.11.0.jar:/Users/bernardogarcialoaiza/.m2/repository/com/fasterxml/jackson/core/jackson-core/2.11.0/jackson-core-2.11.0.jar:/Users/bernardogarcialoaiza/.m2/repository/com/fasterxml/jackson/core/jackson-annotations/2.11.0/jackson-annotations-2.11.0.jar:/Users/bernardogarcialoaiza/.m2/repository/org/jetbrains/kotlin/kotlin-reflect/1.3.72/kotlin-reflect-1.3.72.jar:/Users/bernardogarcialoaiza/.m2/repository/org/jetbrains/kotlin/kotlin-stdlib/1.3.72/kotlin-stdlib-1.3.72.jar:/Users/bernardogarcialoaiza/.m2/repository/org/jetbrains/kotlin/kotlin-stdlib-common/1.3.72/kotlin-stdlib-common-1.3.72.jar:/Users/bernardogarcialoaiza/.m2/repository/org/jetbrains/annotations/13.0/annotations-13.0.jar:/Users/bernardogarcialoaiza/.m2/repository/org/jetbrains/kotlin/kotlin-stdlib-jdk8/1.3.72/kotlin-stdlib-jdk8-1.3.72.jar:/Users/bernardogarcialoaiza/.m2/repository/org/jetbrains/kotlin/kotlin-stdlib-jdk7/1.3.72/kotlin-stdlib-jdk7-1.3.72.jar:/Users/bernardogarcialoaiza/.m2/repository/io/springfox/springfox-swagger2/2.9.2/springfox-swagger2-2.9.2.jar:/Users/bernardogarcialoaiza/.m2/repository/io/swagger/swagger-annotations/1.5.20/swagger-annotations-1.5.20.jar:/Users/bernardogarcialoaiza/.m2/repository/io/swagger/swagger-models/1.5.20/swagger-models-1.5.20.jar:/Users/bernardogarcialoaiza/.m2/repository/io/springfox/springfox-spi/2.9.2/springfox-spi-2.9.2.jar:/Users/bernardogarcialoaiza/.m2/repository/io/springfox/springfox-core/2.9.2/springfox-core-2.9.2.jar:/Users/bernardogarcialoaiza/.m2/repository/io/springfox/springfox-schema/2.9.2/springfox-schema-2.9.2.jar:/Users/bernardogarcialoaiza/.m2/repository/io/springfox/springfox-swagger-common/2.9.2/springfox-swagger-common-2.9.2.jar:/Users/bernardogarcialoaiza/.m2/repository/io/springfox/springfox-spring-web/2.9.2/springfox-spring-web-2.9.2.jar:/Users/bernardogarcialoaiza/.m2/repository/com/google/guava/guava/20.0/guava-20.0.jar:/Users/bernardogarcialoaiza/.m2/repository/com/fasterxml/classmate/1.5.1/classmate-1.5.1.jar:/Users/bernardogarcialoaiza/.m2/repository/org/slf4j/slf4j-api/1.7.30/slf4j-api-1.7.30.jar:/Users/bernardogarcialoaiza/.m2/repository/org/springframework/plugin/spring-plugin-core/1.2.0.RELEASE/spring-plugin-core-1.2.0.RELEASE.jar:/Users/bernardogarcialoaiza/.m2/repository/org/springframework/plugin/spring-plugin-metadata/1.2.0.RELEASE/spring-plugin-metadata-1.2.0.RELEASE.jar:/Users/bernardogarcialoaiza/.m2/repository/org/mapstruct/mapstruct/1.2.0.Final/mapstruct-1.2.0.Final.jar:/Users/bernardogarcialoaiza/.m2/repository/io/springfox/springfox-swagger-ui/2.9.2/springfox-swagger-ui-2.9.2.jar:/Users/bernardogarcialoaiza/.m2/repository/io/rest-assured/rest-assured/4.2.0/rest-assured-4.2.0.jar:/Users/bernardogarcialoaiza/.m2/repository/org/codehaus/groovy/groovy/2.5.12/groovy-2.5.12.jar:/Users/bernardogarcialoaiza/.m2/repository/org/codehaus/groovy/groovy-xml/2.5.12/groovy-xml-2.5.12.jar:/Users/bernardogarcialoaiza/.m2/repository/org/apache/httpcomponents/httpclient/4.5.12/httpclient-4.5.12.jar:/Users/bernardogarcialoaiza/.m2/repository/org/apache/httpcomponents/httpcore/4.4.13/httpcore-4.4.13.jar:/Users/bernardogarcialoaiza/.m2/repository/commons-codec/commons-codec/1.14/commons-codec-1.14.jar:/Users/bernardogarcialoaiza/.m2/repository/org/apache/httpcomponents/httpmime/4.5.12/httpmime-4.5.12.jar:/Users/bernardogarcialoaiza/.m2/repository/org/hamcrest/hamcrest/2.2/hamcrest-2.2.jar:/Users/bernardogarcialoaiza/.m2/repository/org/ccil/cowan/tagsoup/tagsoup/1.2.1/tagsoup-1.2.1.jar:/Users/bernardogarcialoaiza/.m2/repository/io/rest-assured/xml-path/4.2.0/xml-path-4.2.0.jar:/Users/bernardogarcialoaiza/.m2/repository/org/apache/commons/commons-lang3/3.10/commons-lang3-3.10.jar:/Users/bernardogarcialoaiza/.m2/repository/com/sun/xml/bind/jaxb-osgi/2.3.0.1/jaxb-osgi-2.3.0.1.jar:/Users/bernardogarcialoaiza/.m2/repository/org/apache/sling/org.apache.sling.javax.activation/0.1.0/org.apache.sling.javax.activation-0.1.0.jar:/Users/bernardogarcialoaiza/.m2/repository/javax/activation/activation/1.1.1/activation-1.1.1.jar:/Users/bernardogarcialoaiza/.m2/repository/io/rest-assured/spring-mock-mvc/4.2.0/spring-mock-mvc-4.2.0.jar:/Users/bernardogarcialoaiza/.m2/repository/io/rest-assured/spring-commons/4.2.0/spring-commons-4.2.0.jar:/Users/bernardogarcialoaiza/.m2/repository/org/springframework/spring-test/5.2.7.RELEASE/spring-test-5.2.7.RELEASE.jar:/Users/bernardogarcialoaiza/.m2/repository/io/rest-assured/json-path/4.2.0/json-path-4.2.0.jar:/Users/bernardogarcialoaiza/.m2/repository/org/codehaus/groovy/groovy-json/2.5.12/groovy-json-2.5.12.jar:/Users/bernardogarcialoaiza/.m2/repository/io/rest-assured/rest-assured-common/4.2.0/rest-assured-common-4.2.0.jar:/Users/bernardogarcialoaiza/.m2/repository/org/springframework/boot/spring-boot-starter-test/2.3.1.RELEASE/spring-boot-starter-test-2.3.1.RELEASE.jar:/Users/bernardogarcialoaiza/.m2/repository/org/springframework/boot/spring-boot-test/2.3.1.RELEASE/spring-boot-test-2.3.1.RELEASE.jar:/Users/bernardogarcialoaiza/.m2/repository/org/springframework/boot/spring-boot-test-autoconfigure/2.3.1.RELEASE/spring-boot-test-autoconfigure-2.3.1.RELEASE.jar:/Users/bernardogarcialoaiza/.m2/repository/com/jayway/jsonpath/json-path/2.4.0/json-path-2.4.0.jar:/Users/bernardogarcialoaiza/.m2/repository/net/minidev/json-smart/2.3/json-smart-2.3.jar:/Users/bernardogarcialoaiza/.m2/repository/net/minidev/accessors-smart/1.2/accessors-smart-1.2.jar:/Users/bernardogarcialoaiza/.m2/repository/org/ow2/asm/asm/5.0.4/asm-5.0.4.jar:/Users/bernardogarcialoaiza/.m2/repository/jakarta/xml/bind/jakarta.xml.bind-api/2.3.3/jakarta.xml.bind-api-2.3.3.jar:/Users/bernardogarcialoaiza/.m2/repository/jakarta/activation/jakarta.activation-api/1.2.2/jakarta.activation-api-1.2.2.jar:/Users/bernardogarcialoaiza/.m2/repository/org/assertj/assertj-core/3.16.1/assertj-core-3.16.1.jar:/Users/bernardogarcialoaiza/.m2/repository/org/junit/jupiter/junit-jupiter/5.6.2/junit-jupiter-5.6.2.jar:/Users/bernardogarcialoaiza/.m2/repository/org/junit/jupiter/junit-jupiter-api/5.6.2/junit-jupiter-api-5.6.2.jar:/Users/bernardogarcialoaiza/.m2/repository/org/apiguardian/apiguardian-api/1.1.0/apiguardian-api-1.1.0.jar:/Users/bernardogarcialoaiza/.m2/repository/org/opentest4j/opentest4j/1.2.0/opentest4j-1.2.0.jar:/Users/bernardogarcialoaiza/.m2/repository/org/junit/platform/junit-platform-commons/1.6.2/junit-platform-commons-1.6.2.jar:/Users/bernardogarcialoaiza/.m2/repository/org/junit/jupiter/junit-jupiter-params/5.6.2/junit-jupiter-params-5.6.2.jar:/Users/bernardogarcialoaiza/.m2/repository/org/junit/jupiter/junit-jupiter-engine/5.6.2/junit-jupiter-engine-5.6.2.jar:/Users/bernardogarcialoaiza/.m2/repository/org/junit/platform/junit-platform-engine/1.6.2/junit-platform-engine-1.6.2.jar:/Users/bernardogarcialoaiza/.m2/repository/org/mockito/mockito-core/3.3.3/mockito-core-3.3.3.jar:/Users/bernardogarcialoaiza/.m2/repository/net/bytebuddy/byte-buddy/1.10.11/byte-buddy-1.10.11.jar:/Users/bernardogarcialoaiza/.m2/repository/net/bytebuddy/byte-buddy-agent/1.10.11/byte-buddy-agent-1.10.11.jar:/Users/bernardogarcialoaiza/.m2/repository/org/objenesis/objenesis/2.6/objenesis-2.6.jar:/Users/bernardogarcialoaiza/.m2/repository/org/mockito/mockito-junit-jupiter/3.3.3/mockito-junit-jupiter-3.3.3.jar:/Users/bernardogarcialoaiza/.m2/repository/org/skyscreamer/jsonassert/1.5.0/jsonassert-1.5.0.jar:/Users/bernardogarcialoaiza/.m2/repository/com/vaadin/external/google/android-json/0.0.20131108.vaadin1/android-json-0.0.20131108.vaadin1.jar:/Users/bernardogarcialoaiza/.m2/repository/org/springframework/spring-core/5.2.7.RELEASE/spring-core-5.2.7.RELEASE.jar:/Users/bernardogarcialoaiza/.m2/repository/org/springframework/spring-jcl/5.2.7.RELEASE/spring-jcl-5.2.7.RELEASE.jar:/Users/bernardogarcialoaiza/.m2/repository/org/xmlunit/xmlunit-core/2.7.0/xmlunit-core-2.7.0.jar:"/>
    <property name="sun.cpu.endian" value="little"/>
    <property name="user.home" value="/Users/bernardogarcialoaiza"/>
    <property name="user.language" value="en"/>
    <property name="java.specification.vendor" value="Oracle Corporation"/>
    <property name="java.version.date" value="2020-07-14"/>
    <property name="java.home" value="/Library/Java/JavaVirtualMachines/jdk-14.0.2.jdk/Contents/Home"/>
    <property name="file.separator" value="/"/>
    <property name="basedir" value="/Users/bernardogarcialoaiza/projects/RHK/take-home-assignment-platform-engineer/backend"/>
    <property name="java.vm.compressedOopsMode" value="Zero based"/>
    <property name="line.separator" value="&#10;"/>
    <property name="java.specification.name" value="Java Platform API Specification"/>
    <property name="java.vm.specification.vendor" value="Oracle Corporation"/>
    <property name="surefire.real.class.path" value="/Users/bernardogarcialoaiza/projects/RHK/take-home-assignment-platform-engineer/backend/target/surefire/surefirebooter7114239303476021814.jar"/>
    <property name="sun.management.compiler" value="HotSpot 64-Bit Tiered Compilers"/>
    <property name="ftp.nonProxyHosts" value="local|*.local|169.254/16|*.169.254/16"/>
    <property name="java.runtime.version" value="14.0.2+12-46"/>
    <property name="user.name" value="bernardogarcialoaiza"/>
    <property name="path.separator" value=":"/>
    <property name="os.version" value="10.15.6"/>
    <property name="java.runtime.name" value="Java(TM) SE Runtime Environment"/>
    <property name="file.encoding" value="US-ASCII"/>
    <property name="java.vm.name" value="Java HotSpot(TM) 64-Bit Server VM"/>
    <property name="localRepository" value="/Users/bernardogarcialoaiza/.m2/repository"/>
    <property name="java.vendor.url.bug" value="https://bugreport.java.com/bugreport/"/>
    <property name="java.io.tmpdir" value="/var/folders/2g/z86dk2jd3cz_vf_rpkw7v7dc0000gp/T/"/>
    <property name="java.version" value="14.0.2"/>
    <property name="user.dir" value="/Users/bernardogarcialoaiza/projects/RHK/take-home-assignment-platform-engineer/backend"/>
    <property name="os.arch" value="x86_64"/>
    <property name="java.vm.specification.name" value="Java Virtual Machine Specification"/>
    <property name="java.library.path" value="/Users/bernardogarcialoaiza/Library/Java/Extensions:/Library/Java/Extensions:/Network/Library/Java/Extensions:/System/Library/Java/Extensions:/usr/lib/java:."/>
    <property name="java.vm.info" value="mixed mode, sharing"/>
    <property name="java.vendor" value="Oracle Corporation"/>
    <property name="java.vm.version" value="14.0.2+12-46"/>
    <property name="sun.io.unicode.encoding" value="UnicodeBig"/>
    <property name="socksNonProxyHosts" value="local|*.local|169.254/16|*.169.254/16"/>
    <property name="java.class.version" value="58.0"/>
  </properties>
  <testcase name="givenTheresNoNewClientsRegistered_WhenListingClients_Then2ClientsAreReturned" classname="com.rhdhv.demo.DemoApplicationTests" time="0.924"/>
  <testcase name="contextLoads" classname="com.rhdhv.demo.DemoApplicationTests" time="0.003"/>
</testsuite>